<?xml version="1.0" encoding="UTF-8"?>
<testsuite xmlns:xsi="http://www.w3.org/2001/XMLSchema-instance" xsi:noNamespaceSchemaLocation="https://maven.apache.org/surefire/maven-surefire-plugin/xsd/surefire-test-report-3.0.xsd" version="3.0" name="com.schedule.server.tcp.CppTcpClientTest" time="1.073" tests="6" errors="0" skipped="0" failures="0">
  <properties>
[...]
</properties>
  <testcase name="testServerDisconnect" classname="com.schedule.server.tcp.CppTcpClientTest" time="0.948">
    <system-out><![CDATA[2026-02-25 12:51:45.339 [main] INFO  com.schedule.server.tcp.CppTcpClient - Enqueued C++ request: payload={id=1, corpus=test, start_hour=8, duration=45}, queuePosition=1
2026-02-25 12:51:45.339 [cpp-tcp-queue] INFO  com.schedule.server.tcp.CppTcpClient - Sending to C++ server localhost:63297 — payload={id=1, corpus=test, start_hour=8, duration=45}
2026-02-25 12:51:45.359 [cpp-tcp-queue] DEBUG com.schedule.server.tcp.CppTcpClient - Sent 53 bytes to C++ server: {"duration":45,"corpus":"test","id":1,"start_hour":8}
]]></system-out>
  </testcase>
  <testcase name="testDifferentParameters" classname="com.schedule.server.tcp.CppTcpClientTest" time="0.027">
    <system-out><![CDATA[2026-02-25 12:51:45.380 [main] INFO  com.schedule.server.tcp.CppTcpClient - Enqueued C++ request: payload={id=1, corpus=corpus, start_hour=0, duration=30}, queuePosition=1
2026-02-25 12:51:45.380 [cpp-tcp-queue] INFO  com.schedule.server.tcp.CppTcpClient - Sending to C++ server localhost:63301 — payload={id=1, corpus=corpus, start_hour=0, duration=30}
2026-02-25 12:51:45.386 [cpp-tcp-queue] DEBUG com.schedule.server.tcp.CppTcpClient - Sent 55 bytes to C++ server: {"duration":30,"corpus":"corpus","id":1,"start_hour":0}
2026-02-25 12:51:45.388 [cpp-tcp-queue] DEBUG com.schedule.server.tcp.CppTcpClient - Received from C++ server: {"cabinet_number":"Б-1","id":1}
2026-02-25 12:51:45.407 [main] INFO  com.schedule.server.tcp.CppTcpClient - Enqueued C++ request: payload={id=100, corpus=corpus, start_hour=23, duration=120}, queuePosition=1
2026-02-25 12:51:45.407 [cpp-tcp-queue] INFO  com.schedule.server.tcp.CppTcpClient - Sending to C++ server localhost:63301 — payload={id=100, corpus=corpus, start_hour=23, duration=120}
2026-02-25 12:51:45.407 [cpp-tcp-queue] DEBUG com.schedule.server.tcp.CppTcpClient - Sent 59 bytes to C++ server: {"duration":120,"corpus":"corpus","id":100,"start_hour":23}
2026-02-25 12:51:45.407 [cpp-tcp-queue] DEBUG com.schedule.server.tcp.CppTcpClient - Received from C++ server: {"cabinet_number":"Б-100","id":100}
2026-02-25 12:51:45.407 [main] INFO  com.schedule.server.tcp.CppTcpClient - Enqueued C++ request: payload={id=0, corpus=corpus, start_hour=12, duration=0}, queuePosition=1
2026-02-25 12:51:45.407 [cpp-tcp-queue] INFO  com.schedule.server.tcp.CppTcpClient - Sending to C++ server localhost:63301 — payload={id=0, corpus=corpus, start_hour=12, duration=0}
2026-02-25 12:51:45.407 [cpp-tcp-queue] DEBUG com.schedule.server.tcp.CppTcpClient - Sent 55 bytes to C++ server: {"duration":0,"corpus":"corpus","id":0,"start_hour":12}
2026-02-25 12:51:45.407 [cpp-tcp-queue] DEBUG com.schedule.server.tcp.CppTcpClient - Received from C++ server: {"cabinet_number":"Б-0","id":0}
]]></system-out>
  </testcase>
  <testcase name="testSuccessfulConnection" classname="com.schedule.server.tcp.CppTcpClientTest" time="0.022">
    <system-out><![CDATA[2026-02-25 12:51:45.423 [main] INFO  com.schedule.server.tcp.CppTcpClient - Enqueued C++ request: payload={id=42, corpus=main, start_hour=10, duration=90}, queuePosition=1
2026-02-25 12:51:45.424 [cpp-tcp-queue] INFO  com.schedule.server.tcp.CppTcpClient - Sending to C++ server localhost:63305 — payload={id=42, corpus=main, start_hour=10, duration=90}
2026-02-25 12:51:45.426 [cpp-tcp-queue] DEBUG com.schedule.server.tcp.CppTcpClient - Sent 55 bytes to C++ server: {"duration":90,"corpus":"main","id":42,"start_hour":10}
2026-02-25 12:51:45.427 [cpp-tcp-queue] DEBUG com.schedule.server.tcp.CppTcpClient - Received from C++ server: {"cabinet_number":"А-301","id":42}
]]></system-out>
  </testcase>
  <testcase name="testInvalidResponseLength" classname="com.schedule.server.tcp.CppTcpClientTest" time="0.007">
    <system-out><![CDATA[2026-02-25 12:51:45.432 [main] INFO  com.schedule.server.tcp.CppTcpClient - Enqueued C++ request: payload={id=1, corpus=test, start_hour=8, duration=45}, queuePosition=1
2026-02-25 12:51:45.433 [cpp-tcp-queue] INFO  com.schedule.server.tcp.CppTcpClient - Sending to C++ server localhost:63307 — payload={id=1, corpus=test, start_hour=8, duration=45}
2026-02-25 12:51:45.435 [cpp-tcp-queue] DEBUG com.schedule.server.tcp.CppTcpClient - Sent 53 bytes to C++ server: {"duration":45,"corpus":"test","id":1,"start_hour":8}
]]></system-out>
  </testcase>
  <testcase name="testConnectionRefused" classname="com.schedule.server.tcp.CppTcpClientTest" time="0.006">
    <system-out><![CDATA[2026-02-25 12:51:45.440 [main] INFO  com.schedule.server.tcp.CppTcpClient - Enqueued C++ request: payload={id=1, corpus=test, start_hour=8, duration=45}, queuePosition=1
2026-02-25 12:51:45.441 [cpp-tcp-queue] INFO  com.schedule.server.tcp.CppTcpClient - Sending to C++ server localhost:63309 — payload={id=1, corpus=test, start_hour=8, duration=45}
]]></system-out>
  </testcase>
  <testcase name="testInvalidJsonResponse" classname="com.schedule.server.tcp.CppTcpClientTest" time="0.013">
    <system-out><![CDATA[2026-02-25 12:51:45.446 [main] INFO  com.schedule.server.tcp.CppTcpClient - Enqueued C++ request: payload={id=1, corpus=test, start_hour=8, duration=45}, queuePosition=1
2026-02-25 12:51:45.446 [cpp-tcp-queue] INFO  com.schedule.server.tcp.CppTcpClient - Sending to C++ server localhost:63311 — payload={id=1, corpus=test, start_hour=8, duration=45}
2026-02-25 12:51:45.446 [cpp-tcp-queue] DEBUG com.schedule.server.tcp.CppTcpClient - Sent 53 bytes to C++ server: {"duration":45,"corpus":"test","id":1,"start_hour":8}
2026-02-25 12:51:45.446 [cpp-tcp-queue] DEBUG com.schedule.server.tcp.CppTcpClient - Received from C++ server: NOT_A_JSON{{{
2026-02-25 12:51:45.446 [cpp-tcp-queue] WARN  com.schedule.server.tcp.CppTcpClient - Invalid JSON received from C++ server: Unrecognized token 'NOT_A_JSON': was expecting (JSON String, Number, Array, Object or token 'null', 'true' or 'false')
 at [Source: (String)"NOT_A_JSON{{{"; line: 1, column: 11]
]]></system-out>
  </testcase>
</testsuite>